TN:
SF:client/src/components/QuestionsAndAnswers/AnswerForm.jsx
FN:10,AnswerForm
FNF:1
FNH:0
FNDA:0,AnswerForm
DA:1,1
DA:2,1
DA:3,1
DA:4,1
DA:5,1
DA:6,1
DA:7,1
DA:8,1
DA:9,1
DA:10,1
DA:11,0
DA:12,0
DA:13,0
DA:14,0
DA:15,0
DA:16,0
DA:17,0
DA:18,0
DA:19,0
DA:20,0
DA:21,0
DA:22,0
DA:23,0
DA:24,0
DA:25,0
DA:26,0
DA:27,0
DA:28,0
DA:29,0
DA:30,0
DA:31,0
DA:32,0
DA:33,0
DA:34,0
DA:35,0
DA:36,0
DA:37,0
DA:38,0
DA:39,0
DA:40,0
DA:41,0
DA:42,0
DA:43,0
DA:44,0
DA:45,0
DA:46,0
DA:47,0
DA:48,0
DA:49,0
DA:50,0
DA:51,0
DA:52,0
DA:53,0
DA:54,0
DA:55,0
DA:56,0
DA:57,0
DA:58,0
DA:59,0
DA:60,0
DA:61,0
DA:62,0
DA:63,0
DA:64,0
DA:65,0
DA:66,0
DA:67,0
DA:68,0
DA:69,0
DA:70,0
DA:71,0
DA:72,0
DA:73,0
DA:74,0
DA:75,0
DA:76,0
DA:77,0
DA:78,0
DA:79,0
DA:80,0
DA:81,0
DA:82,0
DA:83,0
DA:84,0
DA:85,0
DA:86,0
DA:87,0
DA:88,0
DA:89,0
DA:90,0
DA:91,0
DA:92,0
DA:93,0
DA:94,0
DA:95,0
DA:96,0
DA:97,0
DA:98,0
DA:99,0
DA:100,0
DA:101,0
DA:102,0
DA:103,0
DA:104,0
DA:105,0
DA:106,0
DA:107,0
DA:108,0
DA:109,0
DA:110,0
DA:111,0
DA:112,0
DA:113,0
DA:114,0
DA:115,0
DA:116,0
DA:117,0
DA:118,0
DA:119,0
DA:120,0
DA:121,0
DA:122,0
DA:123,0
DA:124,0
DA:125,0
DA:126,0
DA:127,0
DA:128,0
DA:129,0
DA:130,0
DA:131,0
DA:132,0
DA:133,0
DA:134,0
DA:135,0
DA:136,0
DA:137,0
DA:138,0
DA:139,0
DA:140,0
DA:141,0
DA:142,0
DA:143,0
DA:144,0
DA:145,0
DA:146,0
DA:147,0
DA:148,0
DA:149,0
DA:150,0
DA:151,0
DA:152,0
DA:153,0
DA:154,0
DA:155,0
DA:156,0
DA:157,0
DA:158,0
DA:159,0
DA:160,0
DA:161,0
DA:162,0
DA:163,0
DA:164,0
DA:165,0
DA:166,0
DA:167,0
DA:168,0
DA:169,1
DA:170,1
DA:171,1
DA:172,1
DA:173,1
DA:174,1
DA:175,1
DA:176,1
DA:177,1
LF:177
LH:19
BRF:0
BRH:0
end_of_record
TN:
SF:client/src/components/QuestionsAndAnswers/AnswerImgForm.jsx
FN:6,AnswerImgForm
FNF:1
FNH:0
FNDA:0,AnswerImgForm
DA:1,1
DA:2,1
DA:3,1
DA:4,1
DA:5,1
DA:6,1
DA:7,0
DA:8,0
DA:9,0
DA:10,0
DA:11,0
DA:12,0
DA:13,0
DA:14,0
DA:15,0
DA:16,0
DA:17,0
DA:18,0
DA:19,0
DA:20,0
DA:21,0
DA:22,0
DA:23,0
DA:24,0
DA:25,0
DA:26,0
DA:27,0
DA:28,0
DA:29,0
DA:30,0
DA:31,0
DA:32,0
DA:33,0
DA:34,0
DA:35,0
DA:36,0
DA:37,0
DA:38,0
DA:39,0
DA:40,0
DA:41,0
DA:42,0
DA:43,0
DA:44,0
DA:45,0
DA:46,0
DA:47,0
DA:48,0
DA:49,0
DA:50,0
DA:51,0
DA:52,0
DA:53,0
DA:54,1
DA:55,1
DA:56,1
DA:57,1
DA:58,1
DA:59,1
DA:60,1
DA:61,1
DA:62,1
DA:63,1
DA:64,1
LF:64
LH:17
BRF:0
BRH:0
end_of_record
TN:
SF:client/src/components/QuestionsAndAnswers/AnswerItem.jsx
FN:7,AnswerItem
FN:16,handlePhotoView
FN:21,handleUserAction
FN:54,onClick
FN:56,onClick
FN:68,onClick
FNF:6
FNH:1
FNDA:4,AnswerItem
FNDA:0,handlePhotoView
FNDA:0,handleUserAction
FNDA:0,onClick
FNDA:0,onClick
FNDA:0,onClick
DA:1,1
DA:2,1
DA:3,1
DA:4,1
DA:5,1
DA:6,1
DA:7,1
DA:8,4
DA:9,4
DA:10,4
DA:11,4
DA:12,4
DA:13,4
DA:14,4
DA:15,4
DA:16,4
DA:17,0
DA:18,0
DA:19,0
DA:20,4
DA:21,4
DA:22,0
DA:23,0
DA:24,0
DA:25,0
DA:26,0
DA:27,0
DA:28,0
DA:29,0
DA:30,0
DA:31,0
DA:32,0
DA:33,0
DA:34,0
DA:35,0
DA:36,0
DA:37,0
DA:38,0
DA:39,0
DA:40,0
DA:41,0
DA:42,0
DA:43,0
DA:44,0
DA:45,0
DA:46,0
DA:47,0
DA:48,0
DA:49,4
DA:50,4
DA:51,4
DA:52,4
DA:53,4
DA:54,4
DA:55,4
DA:56,4
DA:57,4
DA:58,4
DA:59,4
DA:60,4
DA:61,4
DA:62,4
DA:63,4
DA:64,4
DA:65,4
DA:66,4
DA:67,4
DA:68,4
DA:69,4
DA:70,4
DA:71,4
DA:72,4
DA:73,4
DA:74,4
DA:75,4
DA:76,4
DA:77,4
DA:78,4
DA:79,4
DA:80,4
DA:81,4
DA:82,4
DA:83,4
DA:84,4
DA:85,4
DA:86,4
DA:87,4
DA:88,4
DA:89,1
DA:90,1
DA:91,1
DA:92,1
DA:93,1
DA:94,1
LF:94
LH:64
BRDA:7,0,0,4
BRDA:72,1,0,0
BRDA:67,2,0,12
BRF:3
BRH:2
end_of_record
TN:
SF:client/src/components/QuestionsAndAnswers/AnswerList.jsx
FN:7,AnswerList
FN:19,loadMoreAnswers
FNF:2
FNH:1
FNDA:4,AnswerList
FNDA:0,loadMoreAnswers
DA:1,1
DA:2,1
DA:3,1
DA:4,1
DA:5,1
DA:6,1
DA:7,1
DA:8,4
DA:9,4
DA:10,4
DA:11,4
DA:12,0
DA:13,0
DA:14,4
DA:15,4
DA:16,4
DA:17,4
DA:18,4
DA:19,4
DA:20,0
DA:21,0
DA:22,0
DA:23,0
DA:24,0
DA:25,0
DA:26,0
DA:27,0
DA:28,4
DA:29,4
DA:30,4
DA:31,4
DA:32,4
DA:33,4
DA:34,4
DA:35,4
DA:36,4
DA:37,4
DA:38,4
DA:39,4
DA:40,4
DA:41,4
DA:42,1
DA:43,1
DA:44,1
DA:45,1
DA:46,1
DA:47,1
DA:48,1
LF:48
LH:38
BRDA:7,0,0,4
BRDA:34,1,0,4
BRDA:35,2,0,4
BRF:3
BRH:3
end_of_record
TN:
SF:client/src/components/QuestionsAndAnswers/QuestionForm.jsx
FN:7,QuestionForm
FNF:1
FNH:0
FNDA:0,QuestionForm
DA:1,1
DA:2,1
DA:3,1
DA:4,1
DA:5,1
DA:6,1
DA:7,1
DA:8,1
DA:9,1
DA:10,1
DA:11,1
DA:12,1
DA:13,1
DA:14,1
DA:15,1
DA:16,1
DA:17,1
DA:18,1
DA:19,1
DA:20,1
DA:21,1
DA:22,1
DA:23,1
DA:24,1
DA:25,1
DA:26,1
DA:27,1
DA:28,1
DA:29,1
DA:30,1
DA:31,1
DA:32,1
DA:33,1
DA:34,1
DA:35,1
DA:36,1
DA:37,1
DA:38,1
DA:39,1
DA:40,1
DA:41,1
DA:42,1
DA:43,1
DA:44,1
DA:45,1
DA:46,1
DA:47,1
DA:48,1
DA:49,1
DA:50,1
DA:51,1
DA:52,1
DA:53,1
DA:54,1
DA:55,1
DA:56,1
DA:57,1
DA:58,1
DA:59,1
DA:60,1
DA:61,1
DA:62,1
DA:63,1
DA:64,1
DA:65,1
DA:66,1
DA:67,1
DA:68,1
DA:69,1
DA:70,1
DA:71,1
DA:72,1
DA:73,1
DA:74,1
DA:75,1
DA:76,1
DA:77,1
DA:78,1
DA:79,1
DA:80,1
DA:81,1
DA:82,1
DA:83,1
DA:84,1
DA:85,1
DA:86,1
DA:87,1
DA:88,1
DA:89,1
DA:90,1
DA:91,1
DA:92,1
DA:93,1
DA:94,1
DA:95,1
DA:96,1
DA:97,1
DA:98,1
LF:98
LH:98
BRF:0
BRH:0
end_of_record
TN:
SF:client/src/components/QuestionsAndAnswers/QuestionItem.jsx
FN:11,QuestionItem
FN:19,addHelpfulCount
FN:42,onClick
FN:44,handleAddAnswer
FNF:4
FNH:1
FNDA:4,QuestionItem
FNDA:0,addHelpfulCount
FNDA:0,onClick
FNDA:0,handleAddAnswer
DA:1,1
DA:2,1
DA:3,1
DA:4,1
DA:5,1
DA:6,1
DA:7,1
DA:8,1
DA:9,1
DA:10,1
DA:11,1
DA:12,4
DA:13,4
DA:14,4
DA:15,4
DA:16,4
DA:17,4
DA:18,4
DA:19,4
DA:20,0
DA:21,0
DA:22,0
DA:23,0
DA:24,0
DA:25,0
DA:26,0
DA:27,0
DA:28,0
DA:29,0
DA:30,0
DA:31,0
DA:32,0
DA:33,0
DA:34,0
DA:35,0
DA:36,0
DA:37,0
DA:38,4
DA:39,4
DA:40,4
DA:41,4
DA:42,4
DA:43,4
DA:44,4
DA:45,0
DA:46,0
DA:47,4
DA:48,4
DA:49,4
DA:50,4
DA:51,4
DA:52,4
DA:53,4
DA:54,4
DA:55,4
DA:56,4
DA:57,4
DA:58,4
DA:59,4
DA:60,4
DA:61,4
DA:62,4
DA:63,4
DA:64,4
DA:65,4
DA:66,4
DA:67,4
DA:68,4
DA:69,4
DA:70,4
DA:71,4
DA:72,4
DA:73,4
DA:74,4
DA:75,4
DA:76,1
DA:77,1
DA:78,1
DA:79,1
DA:80,1
DA:81,1
DA:82,1
DA:83,1
DA:84,1
DA:85,1
LF:85
LH:65
BRDA:11,0,0,4
BRDA:62,1,0,0
BRF:2
BRH:1
end_of_record
TN:
SF:client/src/components/QuestionsAndAnswers/QuestionList.jsx
FN:11,QuestionList
FN:23,loadMoreQuestions
FN:31,handleSearch
FN:41,handleAddMoreQuestions
FNF:4
FNH:1
FNDA:5,QuestionList
FNDA:0,loadMoreQuestions
FNDA:0,handleSearch
FNDA:0,handleAddMoreQuestions
DA:1,1
DA:2,1
DA:3,1
DA:4,1
DA:5,1
DA:6,1
DA:7,1
DA:8,1
DA:9,1
DA:10,1
DA:11,1
DA:12,5
DA:13,5
DA:14,5
DA:15,5
DA:16,5
DA:17,5
DA:18,5
DA:19,5
DA:20,5
DA:21,5
DA:22,5
DA:23,5
DA:24,0
DA:25,0
DA:26,0
DA:27,0
DA:28,0
DA:29,0
DA:30,5
DA:31,5
DA:32,0
DA:33,0
DA:34,0
DA:35,0
DA:36,0
DA:37,0
DA:38,0
DA:39,0
DA:40,5
DA:41,5
DA:42,0
DA:43,0
DA:44,5
DA:45,5
DA:46,2
DA:47,1
DA:48,1
DA:49,17
DA:50,17
DA:51,17
DA:52,1
DA:53,1
DA:54,1
DA:55,5
DA:56,5
DA:57,5
DA:58,2
DA:59,2
DA:60,5
DA:61,5
DA:62,5
DA:63,5
DA:64,5
DA:65,5
DA:66,5
DA:67,5
DA:68,5
DA:69,5
DA:70,5
DA:71,36
DA:72,36
DA:73,36
DA:74,36
DA:75,36
DA:76,0
DA:77,0
DA:78,0
DA:79,0
DA:80,0
DA:81,0
DA:82,0
DA:83,0
DA:84,0
DA:85,0
DA:86,36
DA:87,5
DA:88,5
DA:89,5
DA:90,5
DA:91,5
DA:92,5
DA:93,5
DA:94,5
DA:95,5
DA:96,5
DA:97,5
DA:98,5
DA:99,5
DA:100,1
DA:101,1
DA:102,1
DA:103,1
DA:104,1
LF:104
LH:78
BRDA:11,0,0,5
BRDA:57,1,0,2
BRDA:95,2,0,0
BRDA:45,3,0,2
BRDA:46,4,0,1
BRDA:48,5,0,17
BRDA:70,6,0,36
BRDA:76,7,0,0
BRDA:87,8,0,36
BRDA:88,9,0,4
BRF:10
BRH:8
end_of_record
TN:
SF:client/src/components/QuestionsAndAnswers/QuestionSearch.jsx
FN:4,QuestionSearch
FN:8,filterResults
FNF:2
FNH:1
FNDA:5,QuestionSearch
FNDA:0,filterResults
DA:1,1
DA:2,1
DA:3,1
DA:4,1
DA:5,5
DA:6,5
DA:7,5
DA:8,5
DA:9,0
DA:10,0
DA:11,0
DA:12,0
DA:13,0
DA:14,0
DA:15,0
DA:16,0
DA:17,0
DA:18,5
DA:19,5
DA:20,5
DA:21,5
DA:22,5
DA:23,1
DA:24,1
DA:25,1
DA:26,1
DA:27,1
DA:28,1
DA:29,1
LF:29
LH:20
BRDA:4,0,0,5
BRF:1
BRH:1
end_of_record
TN:
SF:client/src/components/QuestionsAndAnswers/QuestionsAndAnswers.jsx
FN:5,QuestionsAndAnswers
FNF:1
FNH:1
FNDA:1,QuestionsAndAnswers
DA:1,1
DA:2,1
DA:3,1
DA:4,1
DA:5,1
DA:6,1
DA:7,1
DA:8,1
DA:9,1
DA:10,1
DA:11,1
DA:12,1
DA:13,1
DA:14,1
DA:15,1
DA:16,1
DA:17,1
DA:18,1
LF:18
LH:18
BRDA:5,0,0,1
BRF:1
BRH:1
end_of_record
TN:
SF:client/src/components/sharedComponents/Modal.jsx
FN:3,Modal
FNF:1
FNH:0
FNDA:0,Modal
DA:1,1
DA:2,1
DA:3,1
DA:4,0
DA:5,0
DA:6,0
DA:7,0
DA:8,0
DA:9,0
DA:10,0
DA:11,0
DA:12,0
DA:13,0
DA:14,0
DA:15,0
DA:16,0
DA:17,0
DA:18,0
DA:19,0
DA:20,0
DA:21,0
DA:22,0
DA:23,0
DA:24,0
DA:25,0
DA:26,0
DA:27,0
DA:28,0
DA:29,0
DA:30,0
DA:31,0
DA:32,0
DA:33,0
DA:34,0
DA:35,1
DA:36,1
LF:36
LH:5
BRF:0
BRH:0
end_of_record
TN:
SF:client/src/context/types.js
FNF:0
FNH:0
DA:1,1
DA:2,1
DA:3,1
DA:4,1
DA:5,1
DA:6,1
DA:7,1
DA:8,1
DA:9,1
DA:10,1
DA:11,1
DA:12,1
DA:13,1
DA:14,1
DA:15,1
DA:16,1
DA:17,1
DA:18,1
DA:19,1
DA:20,1
DA:21,1
DA:22,1
DA:23,1
DA:24,1
DA:25,1
DA:26,1
DA:27,1
DA:28,1
DA:29,1
DA:30,1
DA:31,1
DA:32,1
DA:33,1
LF:33
LH:33
BRF:0
BRH:0
end_of_record
TN:
SF:client/src/context/products/ProductContext.js
FNF:0
FNH:0
DA:1,1
DA:2,1
DA:3,1
DA:4,1
DA:5,1
LF:5
LH:5
BRF:0
BRH:0
end_of_record
TN:
SF:client/src/context/products/ProductReducer.js
FN:10,_default
FNF:1
FNH:1
FNDA:2,_default
DA:1,1
DA:2,1
DA:3,1
DA:4,1
DA:5,1
DA:6,1
DA:7,1
DA:8,1
DA:9,1
DA:10,1
DA:11,2
DA:12,2
DA:13,0
DA:14,2
DA:15,2
DA:16,2
DA:17,2
DA:18,1
DA:19,2
DA:20,2
DA:21,2
DA:22,2
DA:23,1
DA:24,2
DA:25,2
DA:26,2
DA:27,2
DA:28,2
DA:29,0
DA:30,2
DA:31,2
DA:32,2
DA:33,2
DA:34,0
DA:35,2
DA:36,2
DA:37,2
DA:38,2
DA:39,2
DA:40,2
DA:41,2
LF:41
LH:38
BRDA:10,0,0,2
BRDA:12,1,0,0
BRDA:17,2,0,1
BRDA:22,3,0,1
BRDA:28,4,0,0
BRDA:33,5,0,0
BRDA:38,6,0,0
BRDA:26,7,0,1
BRF:8
BRH:4
end_of_record
TN:
SF:client/src/context/products/ProductState.js
FN:17,ProductState
FN:36,_callee
FN:36,getProducts
FN:47,_callee2
FN:47,_callee2$
FN:47,getProductInfo
FN:56,_callee3
FN:56,_callee3$
FN:56,getProductStyles
FN:65,getCurrentStyle
FN:76,setLoading
FNF:11
FNH:7
FNDA:4,ProductState
FNDA:0,_callee
FNDA:0,getProducts
FNDA:1,_callee2
FNDA:2,_callee2$
FNDA:1,getProductInfo
FNDA:1,_callee3
FNDA:2,_callee3$
FNDA:1,getProductStyles
FNDA:0,getCurrentStyle
FNDA:0,setLoading
DA:1,1
DA:2,1
DA:3,1
DA:4,1
DA:5,1
DA:6,1
DA:7,1
DA:8,1
DA:9,1
DA:10,1
DA:11,1
DA:12,1
DA:13,1
DA:14,1
DA:15,1
DA:16,1
DA:17,1
DA:18,4
DA:19,4
DA:20,4
DA:21,4
DA:22,4
DA:23,4
DA:24,4
DA:25,4
DA:26,4
DA:27,4
DA:28,4
DA:29,4
DA:30,4
DA:31,1
DA:32,1
DA:33,1
DA:34,4
DA:35,4
DA:36,4
DA:37,4
DA:38,4
DA:39,4
DA:40,4
DA:41,4
DA:42,4
DA:43,4
DA:44,4
DA:45,4
DA:46,4
DA:47,4
DA:48,1
DA:49,1
DA:50,4
DA:51,4
DA:52,4
DA:53,4
DA:54,4
DA:55,4
DA:56,4
DA:57,1
DA:58,1
DA:59,4
DA:60,4
DA:61,4
DA:62,4
DA:63,4
DA:64,4
DA:65,4
DA:66,0
DA:67,0
DA:68,0
DA:69,0
DA:70,0
DA:71,0
DA:72,0
DA:73,4
DA:74,4
DA:75,4
DA:76,4
DA:77,4
DA:78,4
DA:79,4
DA:80,4
DA:81,4
DA:82,4
DA:83,4
DA:84,4
DA:85,4
DA:86,4
DA:87,4
DA:88,4
DA:89,4
DA:90,4
DA:91,4
DA:92,4
DA:93,4
DA:94,4
DA:95,4
DA:96,4
DA:97,1
DA:98,1
LF:98
LH:91
BRDA:17,0,0,4
BRDA:30,1,0,1
BRDA:36,2,0,3
BRDA:47,3,0,3
BRDA:47,4,0,1
BRDA:47,5,0,2
BRDA:47,6,0,1
BRDA:47,7,0,1
BRDA:47,8,0,1
BRDA:47,9,0,1
BRDA:47,10,0,1
BRDA:56,11,0,3
BRDA:56,12,0,1
BRDA:56,13,0,2
BRDA:56,14,0,1
BRDA:56,15,0,1
BRDA:56,16,0,1
BRDA:56,17,0,1
BRDA:56,18,0,1
BRF:19
BRH:19
end_of_record
TN:
SF:client/src/context/questions/QuestionContext.js
FNF:0
FNH:0
DA:1,1
DA:2,1
DA:3,1
DA:4,1
DA:5,1
LF:5
LH:5
BRF:0
BRH:0
end_of_record
TN:
SF:client/src/context/questions/QuestionReducer.js
FN:12,_default
FNF:1
FNH:1
FNDA:2,_default
DA:1,1
DA:2,1
DA:3,1
DA:4,1
DA:5,1
DA:6,1
DA:7,1
DA:8,1
DA:9,1
DA:10,1
DA:11,1
DA:12,1
DA:13,2
DA:14,2
DA:15,1
DA:16,2
DA:17,2
DA:18,2
DA:19,2
DA:20,1
DA:21,2
DA:22,2
DA:23,2
DA:24,2
DA:25,0
DA:26,2
DA:27,2
DA:28,2
DA:29,2
LF:29
LH:28
BRDA:12,0,0,2
BRDA:14,1,0,1
BRDA:19,2,0,1
BRDA:24,3,0,0
BRF:4
BRH:3
end_of_record
TN:
SF:client/src/context/questions/QuestionState.js
FN:19,QuestionState
FN:32,_callee
FN:32,_callee$
FN:32,getQuestions
FN:42,_callee2
FN:42,_callee2$
FN:42,getAnswers
FNF:7
FNH:7
FNDA:4,QuestionState
FNDA:1,_callee
FNDA:2,_callee$
FNDA:1,getQuestions
FNDA:1,_callee2
FNDA:2,_callee2$
FNDA:1,getAnswers
DA:1,1
DA:2,1
DA:3,1
DA:4,1
DA:5,1
DA:6,1
DA:7,1
DA:8,1
DA:9,1
DA:10,1
DA:11,1
DA:12,1
DA:13,1
DA:14,1
DA:15,1
DA:16,1
DA:17,1
DA:18,1
DA:19,1
DA:20,4
DA:21,4
DA:22,4
DA:23,4
DA:24,4
DA:25,4
DA:26,4
DA:27,4
DA:28,1
DA:29,1
DA:30,4
DA:31,4
DA:32,4
DA:33,1
DA:34,1
DA:35,1
DA:36,4
DA:37,4
DA:38,4
DA:39,4
DA:40,4
DA:41,4
DA:42,4
DA:43,1
DA:44,1
DA:45,1
DA:46,4
DA:47,4
DA:48,4
DA:49,4
DA:50,4
DA:51,4
DA:52,4
DA:53,4
DA:54,4
DA:55,4
DA:56,4
DA:57,4
DA:58,4
DA:59,1
DA:60,1
LF:60
LH:60
BRDA:19,0,0,4
BRDA:27,1,0,1
BRDA:32,2,0,3
BRDA:32,3,0,1
BRDA:32,4,0,2
BRDA:32,5,0,1
BRDA:32,6,0,1
BRDA:32,7,0,1
BRDA:32,8,0,1
BRDA:32,9,0,1
BRDA:42,10,0,3
BRDA:42,11,0,1
BRDA:42,12,0,2
BRDA:42,13,0,1
BRDA:42,14,0,1
BRDA:42,15,0,1
BRDA:42,16,0,1
BRDA:42,17,0,1
BRF:18
BRH:18
end_of_record
